  boundary.cpp
  Camera.cpp
  SIG_Config.cpp
  main.cpp
d:\kong\vsc_project_(20.08.11~20.09.18)\vsc_kong\solution\sigforvsc\calibration(error)file_maker\main.cpp(3): warning C4326: 'main'의 반환 형식이 'int'이어야 하는데 'void'입니다.
d:\kong\vsc_project_(20.08.11~20.09.18)\vsc_kong\solution\sigforvsc\calibration(error)file_maker\main.cpp(5): warning C4244: '=': 'double'에서 'float'(으)로 변환하면서 데이터가 손실될 수 있습니다.
d:\kong\vsc_project_(20.08.11~20.09.18)\vsc_kong\solution\sigforvsc\calibration(error)file_maker\main.cpp(6): warning C4244: '=': 'double'에서 'float'(으)로 변환하면서 데이터가 손실될 수 있습니다.
d:\kong\vsc_project_(20.08.11~20.09.18)\vsc_kong\solution\sigforvsc\calibration(error)file_maker\main.cpp(7): warning C4244: '=': 'double'에서 'float'(으)로 변환하면서 데이터가 손실될 수 있습니다.
d:\kong\vsc_project_(20.08.11~20.09.18)\vsc_kong\solution\sigforvsc\calibration(error)file_maker\main.cpp(16): warning C4305: '+=': 'double'에서 'float'(으)로 잘립니다.
d:\kong\vsc_project_(20.08.11~20.09.18)\vsc_kong\solution\sigforvsc\calibration(error)file_maker\main.cpp(22): warning C4244: '인수': 'double'에서 '_Tp'(으)로 변환하면서 데이터가 손실될 수 있습니다.
          with
          [
              _Tp=float
          ]
d:\kong\vsc_project_(20.08.11~20.09.18)\vsc_kong\solution\sigforvsc\calibration(error)file_maker\main.cpp(36): warning C4244: '인수': '_Tp'에서 '_Tp'(으)로 변환하면서 데이터가 손실될 수 있습니다.
          with
          [
              _Tp=double
          ]
          and
          [
              _Tp=float
          ]
  코드를 생성하고 있습니다...
d:\kong\vsc_project_(20.08.11~20.09.18)\vsc_kong\solution\sigforvsc\src\sig_config.cpp(150): warning C4715: 'readconfiguration': 모든 제어 경로에서 값을 반환하지는 않습니다.
  Calibration(Error)File_Maker.vcxproj -> D:\Kong\VSC_Project_(20.08.11~20.09.18)\VSC_Kong\Solution\SIGforVSC\x64\Debug\Calibration(Error)File_Maker.exe
