  VSC_Common.cpp
d:\kong\vsc_project_(20.08.11~20.09.18)\solution\vsc\src\vsc_common.cpp(49): warning C4267: '초기화 중': 'size_t'에서 'int'(으)로 변환하면서 데이터가 손실될 수 있습니다.
d:\kong\vsc_project_(20.08.11~20.09.18)\solution\vsc\src\vsc_common.cpp(77): warning C4267: '초기화 중': 'size_t'에서 'int'(으)로 변환하면서 데이터가 손실될 수 있습니다.
d:\kong\vsc_project_(20.08.11~20.09.18)\solution\vsc\src\vsc_common.cpp(148): warning C4244: '=': 'double'에서 'float'(으)로 변환하면서 데이터가 손실될 수 있습니다.
d:\kong\vsc_project_(20.08.11~20.09.18)\solution\vsc\src\vsc_common.cpp(149): warning C4244: '=': 'double'에서 'float'(으)로 변환하면서 데이터가 손실될 수 있습니다.
d:\kong\vsc_project_(20.08.11~20.09.18)\solution\vsc\src\vsc_common.cpp(150): warning C4244: '=': 'double'에서 'float'(으)로 변환하면서 데이터가 손실될 수 있습니다.
d:\kong\vsc_project_(20.08.11~20.09.18)\solution\vsc\src\vsc_common.cpp(153): warning C4305: '=': 'double'에서 'float'(으)로 잘립니다.
  VSC_ParticleFinder.cpp
  VSC_Matching.cpp
d:\kong\vsc_project_(20.08.11~20.09.18)\solution\vsc\vsc_matching\vsc_matching.h(113): warning C4244: '=': 'double'에서 'float'(으)로 변환하면서 데이터가 손실될 수 있습니다.
d:\kong\vsc_project_(20.08.11~20.09.18)\solution\vsc\vsc_matching\vsc_matching.h(114): warning C4244: '=': 'double'에서 'float'(으)로 변환하면서 데이터가 손실될 수 있습니다.
d:\kong\vsc_project_(20.08.11~20.09.18)\solution\vsc\vsc_matching\vsc_matching.h(119): warning C4244: '인수': '_Ty'에서 '_Tp'(으)로 변환하면서 데이터가 손실될 수 있습니다.
          with
          [
              _Ty=double
          ]
          and
          [
              _Tp=float
          ]
d:\kong\vsc_project_(20.08.11~20.09.18)\solution\vsc\vsc_matching\vsc_matching.h(137): warning C4244: '=': 'double'에서 'float'(으)로 변환하면서 데이터가 손실될 수 있습니다.
d:\kong\vsc_project_(20.08.11~20.09.18)\solution\vsc\vsc_matching\vsc_matching.h(143): warning C4244: '인수': 'double'에서 '_Tp'(으)로 변환하면서 데이터가 손실될 수 있습니다.
          with
          [
              _Tp=float
          ]
d:\kong\vsc_project_(20.08.11~20.09.18)\solution\vsc\vsc_matching\vsc_matching.h(144): warning C4244: '인수': '_Ty'에서 '_Tp'(으)로 변환하면서 데이터가 손실될 수 있습니다.
          with
          [
              _Ty=double
          ]
          and
          [
              _Tp=float
          ]
d:\kong\vsc_project_(20.08.11~20.09.18)\solution\vsc\vsc_matching\vsc_matching.h(160): warning C4244: '=': 'double'에서 'float'(으)로 변환하면서 데이터가 손실될 수 있습니다.
d:\kong\vsc_project_(20.08.11~20.09.18)\solution\vsc\vsc_matching\vsc_matching.h(161): warning C4244: '=': 'double'에서 'float'(으)로 변환하면서 데이터가 손실될 수 있습니다.
d:\kong\vsc_project_(20.08.11~20.09.18)\solution\vsc\vsc_matching\vsc_matching.h(166): warning C4244: '인수': 'double'에서 '_Tp'(으)로 변환하면서 데이터가 손실될 수 있습니다.
          with
          [
              _Tp=int
          ]
d:\kong\vsc_project_(20.08.11~20.09.18)\solution\vsc\vsc_matching\vsc_matching.h(167): warning C4244: '인수': '_Ty'에서 '_Tp'(으)로 변환하면서 데이터가 손실될 수 있습니다.
          with
          [
              _Ty=double
          ]
          and
          [
              _Tp=float
          ]
d:\kong\vsc_project_(20.08.11~20.09.18)\solution\vsc\vsc_matching\vsc_matching.h(168): warning C4244: '인수': 'double'에서 '_Tp'(으)로 변환하면서 데이터가 손실될 수 있습니다.
          with
          [
              _Tp=float
          ]
d:\kong\vsc_project_(20.08.11~20.09.18)\solution\vsc\vsc_matching\vsc_matching.h(183): warning C4244: '=': 'double'에서 'float'(으)로 변환하면서 데이터가 손실될 수 있습니다.
d:\kong\vsc_project_(20.08.11~20.09.18)\solution\vsc\vsc_matching\vsc_matching.h(184): warning C4244: '=': 'double'에서 'float'(으)로 변환하면서 데이터가 손실될 수 있습니다.
d:\kong\vsc_project_(20.08.11~20.09.18)\solution\vsc\vsc_matching\vsc_matching.h(189): warning C4244: '인수': 'double'에서 '_Tp'(으)로 변환하면서 데이터가 손실될 수 있습니다.
          with
          [
              _Tp=int
          ]
d:\kong\vsc_project_(20.08.11~20.09.18)\solution\vsc\vsc_matching\vsc_matching.h(190): warning C4244: '인수': '_Ty'에서 '_Tp'(으)로 변환하면서 데이터가 손실될 수 있습니다.
          with
          [
              _Ty=double
          ]
          and
          [
              _Tp=float
          ]
d:\kong\vsc_project_(20.08.11~20.09.18)\solution\vsc\vsc_matching\vsc_matching.h(191): warning C4244: '인수': 'double'에서 '_Tp'(으)로 변환하면서 데이터가 손실될 수 있습니다.
          with
          [
              _Tp=float
          ]
  코드를 생성하고 있습니다...
  VSC_Matching.vcxproj -> D:\Kong\VSC_Project_(20.08.11~20.09.18)\Solution\VSC\x64\Debug\VSC_Matching.exe
