  Blocking.cpp
  boundary.cpp
  Camera.cpp
  ConsoleColor.cpp
  FlowField.cpp
  Particle.cpp
  SIG_Config.cpp
  SIG.cpp
d:\kong\vsc_project_(20.08.11~20.09.18)\vsc_kong\solution\sigforvsc\sigforvsc\sig.h(52): warning C4244: '인수': '_Tp'에서 'int'(으)로 변환하면서 데이터가 손실될 수 있습니다.
          with
          [
              _Tp=double
          ]
d:\kong\vsc_project_(20.08.11~20.09.18)\vsc_kong\solution\sigforvsc\sigforvsc\sig.h(52): warning C4244: '초기화 중': 'double'에서 'int'(으)로 변환하면서 데이터가 손실될 수 있습니다.
d:\kong\vsc_project_(20.08.11~20.09.18)\vsc_kong\solution\sigforvsc\sigforvsc\sig.h(54): warning C4244: '인수': '_Tp'에서 'int'(으)로 변환하면서 데이터가 손실될 수 있습니다.
          with
          [
              _Tp=double
          ]
d:\kong\vsc_project_(20.08.11~20.09.18)\vsc_kong\solution\sigforvsc\sigforvsc\sig.h(82): warning C4244: '인수': '_Tp'에서 'int'(으)로 변환하면서 데이터가 손실될 수 있습니다.
          with
          [
              _Tp=double
          ]
d:\kong\vsc_project_(20.08.11~20.09.18)\vsc_kong\solution\sigforvsc\sigforvsc\sig.h(82): warning C4244: '초기화 중': 'double'에서 'int'(으)로 변환하면서 데이터가 손실될 수 있습니다.
d:\kong\vsc_project_(20.08.11~20.09.18)\vsc_kong\solution\sigforvsc\sigforvsc\sig.h(84): warning C4244: '인수': '_Tp'에서 'int'(으)로 변환하면서 데이터가 손실될 수 있습니다.
          with
          [
              _Tp=double
          ]
  코드를 생성하고 있습니다...
d:\kong\vsc_project_(20.08.11~20.09.18)\vsc_kong\solution\sigforvsc\src\sig_config.cpp(150): warning C4715: 'readconfiguration': 모든 제어 경로에서 값을 반환하지는 않습니다.
  SIGforVSC.vcxproj -> D:\Kong\VSC_Project_(20.08.11~20.09.18)\VSC_Kong\Solution\SIGforVSC\x64\Debug\SIGforVSC.exe
