  SIG.cpp
d:\kong\vsc_project_(20.08.11~20.09.18)\solution\sigforvsc\sigforvsc\sig.h(52): warning C4244: '인수': '_Tp'에서 'int'(으)로 변환하면서 데이터가 손실될 수 있습니다.
          with
          [
              _Tp=double
          ]
d:\kong\vsc_project_(20.08.11~20.09.18)\solution\sigforvsc\sigforvsc\sig.h(52): warning C4244: '초기화 중': 'double'에서 'int'(으)로 변환하면서 데이터가 손실될 수 있습니다.
d:\kong\vsc_project_(20.08.11~20.09.18)\solution\sigforvsc\sigforvsc\sig.h(54): warning C4244: '인수': '_Tp'에서 'int'(으)로 변환하면서 데이터가 손실될 수 있습니다.
          with
          [
              _Tp=double
          ]
d:\kong\vsc_project_(20.08.11~20.09.18)\solution\sigforvsc\sigforvsc\sig.h(82): warning C4244: '인수': '_Tp'에서 'int'(으)로 변환하면서 데이터가 손실될 수 있습니다.
          with
          [
              _Tp=double
          ]
d:\kong\vsc_project_(20.08.11~20.09.18)\solution\sigforvsc\sigforvsc\sig.h(82): warning C4244: '초기화 중': 'double'에서 'int'(으)로 변환하면서 데이터가 손실될 수 있습니다.
d:\kong\vsc_project_(20.08.11~20.09.18)\solution\sigforvsc\sigforvsc\sig.h(84): warning C4244: '인수': '_Tp'에서 'int'(으)로 변환하면서 데이터가 손실될 수 있습니다.
          with
          [
              _Tp=double
          ]
  코드를 생성하고 있습니다.
  1 of 1400 functions (<0.1%) were compiled, the rest were copied from previous compilation.
    0 functions were new in current compilation
    1 functions had inline decision re-evaluated but remain unchanged
  코드를 생성했습니다.
  SIGforVSC.vcxproj -> D:\Kong\VSC_Project_(20.08.11~20.09.18)\Solution\SIGforVSC\x64\Release\SIGforVSC.exe
