  Blocking.cpp
  boundary.cpp
  Camera.cpp
  ConsoleColor.cpp
  FlowField.cpp
d:\kong\vsc project (20.08.11~20.09.18)\solution\piv_kongdg-master\sigforvsc\src\flowfield.cpp(19): warning C4018: '<': signed 또는 unsigned가 일치하지 않습니다.
d:\kong\vsc project (20.08.11~20.09.18)\solution\piv_kongdg-master\sigforvsc\src\flowfield.cpp(33): warning C4018: '<': signed 또는 unsigned가 일치하지 않습니다.
  Particle.cpp
d:\kong\vsc project (20.08.11~20.09.18)\solution\piv_kongdg-master\sigforvsc\src\particle.cpp(59): warning C4018: '<': signed 또는 unsigned가 일치하지 않습니다.
  SIG_Config.cpp
  SIG.cpp
d:\kong\vsc project (20.08.11~20.09.18)\solution\piv_kongdg-master\sigforvsc\sigforvsc\sig.h(47): warning C4244: '인수': '_Tp'에서 'int'(으)로 변환하면서 데이터가 손실될 수 있습니다.
          with
          [
              _Tp=double
          ]
d:\kong\vsc project (20.08.11~20.09.18)\solution\piv_kongdg-master\sigforvsc\sigforvsc\sig.h(47): warning C4244: '초기화 중': 'double'에서 'int'(으)로 변환하면서 데이터가 손실될 수 있습니다.
d:\kong\vsc project (20.08.11~20.09.18)\solution\piv_kongdg-master\sigforvsc\sigforvsc\sig.h(49): warning C4244: '인수': '_Tp'에서 'int'(으)로 변환하면서 데이터가 손실될 수 있습니다.
          with
          [
              _Tp=double
          ]
d:\kong\vsc project (20.08.11~20.09.18)\solution\piv_kongdg-master\sigforvsc\sigforvsc\sig.h(75): warning C4244: '인수': '_Tp'에서 'int'(으)로 변환하면서 데이터가 손실될 수 있습니다.
          with
          [
              _Tp=double
          ]
d:\kong\vsc project (20.08.11~20.09.18)\solution\piv_kongdg-master\sigforvsc\sigforvsc\sig.h(75): warning C4244: '초기화 중': 'double'에서 'int'(으)로 변환하면서 데이터가 손실될 수 있습니다.
d:\kong\vsc project (20.08.11~20.09.18)\solution\piv_kongdg-master\sigforvsc\sigforvsc\sig.h(77): warning C4244: '인수': '_Tp'에서 'int'(으)로 변환하면서 데이터가 손실될 수 있습니다.
          with
          [
              _Tp=double
          ]
  코드를 생성하고 있습니다...
d:\kong\vsc project (20.08.11~20.09.18)\solution\piv_kongdg-master\sigforvsc\src\sig_config.cpp(150): warning C4715: 'readconfiguration': 모든 제어 경로에서 값을 반환하지는 않습니다.
Camera.obj : error LNK2019: "void __cdecl cv::fastFree(void *)" (?fastFree@cv@@YAXPAX@Z) 외부 기호(참조 위치: "public: __thiscall cv::Mat::~Mat(void)" (??1Mat@cv@@QAE@XZ) 함수)에서 확인하지 못했습니다.
SIG_Config.obj : error LNK2001: "void __cdecl cv::fastFree(void *)" (?fastFree@cv@@YAXPAX@Z) 외부 기호를 확인할 수 없습니다.
SIG.obj : error LNK2001: "void __cdecl cv::fastFree(void *)" (?fastFree@cv@@YAXPAX@Z) 외부 기호를 확인할 수 없습니다.
Camera.obj : error LNK2019: "void __cdecl cv::error(int,class std::basic_string<char,struct std::char_traits<char>,class std::allocator<char> > const &,char const *,char const *,int)" (?error@cv@@YAXHABV?$basic_string@DU?$char_traits@D@std@@V?$allocator@D@2@@std@@PBD1H@Z) 외부 기호(참조 위치: "public: double & __thiscall cv::Mat::at<double>(int,int)" (??$at@N@Mat@cv@@QAEAANHH@Z) 함수)에서 확인하지 못했습니다.
SIG.obj : error LNK2001: "void __cdecl cv::error(int,class std::basic_string<char,struct std::char_traits<char>,class std::allocator<char> > const &,char const *,char const *,int)" (?error@cv@@YAXHABV?$basic_string@DU?$char_traits@D@std@@V?$allocator@D@2@@std@@PBD1H@Z) 외부 기호를 확인할 수 없습니다.
Camera.obj : error LNK2019: "class cv::debug_build_guard::_InputOutputArray const & __cdecl cv::noArray(void)" (?noArray@cv@@YAABV_InputOutputArray@debug_build_guard@1@XZ) 외부 기호(참조 위치: "public: void __thiscall Camera::Rmat2Rvec(void)" (?Rmat2Rvec@Camera@@QAEXXZ) 함수)에서 확인하지 못했습니다.
Particle.obj : error LNK2001: "class cv::debug_build_guard::_InputOutputArray const & __cdecl cv::noArray(void)" (?noArray@cv@@YAABV_InputOutputArray@debug_build_guard@1@XZ) 외부 기호를 확인할 수 없습니다.
Camera.obj : error LNK2019: "public: static class cv::MatExpr __cdecl cv::Mat::zeros(int,int,int)" (?zeros@Mat@cv@@SA?AVMatExpr@2@HHH@Z) 외부 기호(참조 위치: "public: void __thiscall Camera::Rmat2Rvec(void)" (?Rmat2Rvec@Camera@@QAEXXZ) 함수)에서 확인하지 못했습니다.
SIG.obj : error LNK2001: "public: static class cv::MatExpr __cdecl cv::Mat::zeros(int,int,int)" (?zeros@Mat@cv@@SA?AVMatExpr@2@HHH@Z) 외부 기호를 확인할 수 없습니다.
Camera.obj : error LNK2019: "public: void __thiscall cv::Mat::deallocate(void)" (?deallocate@Mat@cv@@QAEXXZ) 외부 기호(참조 위치: "public: void __thiscall cv::Mat::release(void)" (?release@Mat@cv@@QAEXXZ) 함수)에서 확인하지 못했습니다.
SIG_Config.obj : error LNK2001: "public: void __thiscall cv::Mat::deallocate(void)" (?deallocate@Mat@cv@@QAEXXZ) 외부 기호를 확인할 수 없습니다.
SIG.obj : error LNK2001: "public: void __thiscall cv::Mat::deallocate(void)" (?deallocate@Mat@cv@@QAEXXZ) 외부 기호를 확인할 수 없습니다.
Camera.obj : error LNK2019: "public: void __thiscall cv::Mat::updateContinuityFlag(void)" (?updateContinuityFlag@Mat@cv@@QAEXXZ) 외부 기호(참조 위치: "public: __thiscall cv::Mat::Mat(int,int,int,void *,unsigned int)" (??0Mat@cv@@QAE@HHHPAXI@Z) 함수)에서 확인하지 못했습니다.
Camera.obj : error LNK2019: "class cv::MatExpr __cdecl cv::operator*(class cv::Mat const &,class cv::Mat const &)" (??Dcv@@YA?AVMatExpr@0@ABVMat@0@0@Z) 외부 기호(참조 위치: "public: void __thiscall Camera::Rmat2Rvec(void)" (?Rmat2Rvec@Camera@@QAEXXZ) 함수)에서 확인하지 못했습니다.
Camera.obj : error LNK2019: "class cv::MatExpr __cdecl cv::operator*(class cv::MatExpr const &,class cv::Mat const &)" (??Dcv@@YA?AVMatExpr@0@ABV10@ABVMat@0@@Z) 외부 기호(참조 위치: "public: void __thiscall Camera::Rmat2Rvec(void)" (?Rmat2Rvec@Camera@@QAEXXZ) 함수)에서 확인하지 못했습니다.
Camera.obj : error LNK2019: "void __cdecl cv::Rodrigues(class cv::debug_build_guard::_InputArray const &,class cv::debug_build_guard::_OutputArray const &,class cv::debug_build_guard::_OutputArray const &)" (?Rodrigues@cv@@YAXABV_InputArray@debug_build_guard@1@ABV_OutputArray@31@1@Z) 외부 기호(참조 위치: "public: void __thiscall Camera::Rmat2Rvec(void)" (?Rmat2Rvec@Camera@@QAEXXZ) 함수)에서 확인하지 못했습니다.
Particle.obj : error LNK2019: "void __cdecl cv::projectPoints(class cv::debug_build_guard::_InputArray const &,class cv::debug_build_guard::_InputArray const &,class cv::debug_build_guard::_InputArray const &,class cv::debug_build_guard::_InputArray const &,class cv::debug_build_guard::_InputArray const &,class cv::debug_build_guard::_OutputArray const &,class cv::debug_build_guard::_OutputArray const &,double)" (?projectPoints@cv@@YAXABV_InputArray@debug_build_guard@1@0000ABV_OutputArray@31@1N@Z) 외부 기호(참조 위치: "public: void __thiscall Particle::Project2Image(class std::deque<class Camera,class std::allocator<class Camera> >)" (?Project2Image@Particle@@QAEXV?$deque@VCamera@@V?$allocator@VCamera@@@std@@@std@@@Z) 함수)에서 확인하지 못했습니다.
SIG_Config.obj : error LNK2019: "public: void __thiscall cv::Mat::copySize(class cv::Mat const &)" (?copySize@Mat@cv@@QAEXABV12@@Z) 외부 기호(참조 위치: "public: __thiscall cv::Mat::Mat(class cv::Mat const &)" (??0Mat@cv@@QAE@ABV01@@Z) 함수)에서 확인하지 못했습니다.
SIG.obj : error LNK2001: "public: void __thiscall cv::Mat::copySize(class cv::Mat const &)" (?copySize@Mat@cv@@QAEXABV12@@Z) 외부 기호를 확인할 수 없습니다.
SIG.obj : error LNK2019: "int __cdecl cv::waitKey(int)" (?waitKey@cv@@YAHH@Z) 외부 기호(참조 위치: "class cv::Mat __cdecl MakeImage(class Particle,class Particle,class std::deque<class Camera,class std::allocator<class Camera> >,int)" (?MakeImage@@YA?AVMat@cv@@VParticle@@0V?$deque@VCamera@@V?$allocator@VCamera@@@std@@@std@@H@Z) 함수)에서 확인하지 못했습니다.
SIG.obj : error LNK2019: "void __cdecl cv::imshow(class std::basic_string<char,struct std::char_traits<char>,class std::allocator<char> > const &,class cv::debug_build_guard::_InputArray const &)" (?imshow@cv@@YAXABV?$basic_string@DU?$char_traits@D@std@@V?$allocator@D@2@@std@@ABV_InputArray@debug_build_guard@1@@Z) 외부 기호(참조 위치: "class cv::Mat __cdecl MakeImage(class Particle,class Particle,class std::deque<class Camera,class std::allocator<class Camera> >,int)" (?MakeImage@@YA?AVMat@cv@@VParticle@@0V?$deque@VCamera@@V?$allocator@VCamera@@@std@@@std@@H@Z) 함수)에서 확인하지 못했습니다.
SIG.obj : error LNK2019: "void __cdecl cv::rectangle(class cv::debug_build_guard::_InputOutputArray const &,class cv::Point_<int>,class cv::Point_<int>,class cv::Scalar_<double> const &,int,int,int)" (?rectangle@cv@@YAXABV_InputOutputArray@debug_build_guard@1@V?$Point_@H@1@1ABV?$Scalar_@N@1@HHH@Z) 외부 기호(참조 위치: "class cv::Mat __cdecl MakeImage(class Particle,class Particle,class std::deque<class Camera,class std::allocator<class Camera> >,int)" (?MakeImage@@YA?AVMat@cv@@VParticle@@0V?$deque@VCamera@@V?$allocator@VCamera@@@std@@@std@@H@Z) 함수)에서 확인하지 못했습니다.
D:\Kong\VSC Project (20.08.11~20.09.18)\Solution\PIV_kongdg-master\SIGforVSC\Debug\SIGforVSC.exe : fatal error LNK1120: 14개의 확인할 수 없는 외부 참조입니다.
