  VSC_ParticleFinder.cpp
c1xx : warning C4199: C++/CLI, C++/CX 또는 OpenMP에서는 2단계 이름 조회가 지원되지 않습니다. /Zc:twoPhase-를 사용하세요.
  VSC_Matching.cpp
c1xx : warning C4199: C++/CLI, C++/CX 또는 OpenMP에서는 2단계 이름 조회가 지원되지 않습니다. /Zc:twoPhase-를 사용하세요.
d:\kong\vsc_project_(20.08.11~20.09.18)\solution\vsc\vsc_matching\vsc_matching.h(113): warning C4244: '=': 'double'에서 'float'(으)로 변환하면서 데이터가 손실될 수 있습니다.
d:\kong\vsc_project_(20.08.11~20.09.18)\solution\vsc\vsc_matching\vsc_matching.h(114): warning C4244: '=': 'double'에서 'float'(으)로 변환하면서 데이터가 손실될 수 있습니다.
d:\kong\vsc_project_(20.08.11~20.09.18)\solution\vsc\vsc_matching\vsc_matching.h(119): warning C4244: '인수': '_Ty'에서 '_Tp'(으)로 변환하면서 데이터가 손실될 수 있습니다.
          with
          [
              _Ty=double
          ]
          and
          [
              _Tp=float
          ]
d:\kong\vsc_project_(20.08.11~20.09.18)\solution\vsc\vsc_matching\vsc_matching.h(137): warning C4244: '=': 'double'에서 'float'(으)로 변환하면서 데이터가 손실될 수 있습니다.
d:\kong\vsc_project_(20.08.11~20.09.18)\solution\vsc\vsc_matching\vsc_matching.h(143): warning C4244: '인수': 'double'에서 '_Tp'(으)로 변환하면서 데이터가 손실될 수 있습니다.
          with
          [
              _Tp=float
          ]
d:\kong\vsc_project_(20.08.11~20.09.18)\solution\vsc\vsc_matching\vsc_matching.h(144): warning C4244: '인수': '_Ty'에서 '_Tp'(으)로 변환하면서 데이터가 손실될 수 있습니다.
          with
          [
              _Ty=double
          ]
          and
          [
              _Tp=float
          ]
d:\kong\vsc_project_(20.08.11~20.09.18)\solution\vsc\vsc_matching\vsc_matching.h(160): warning C4244: '=': 'double'에서 'float'(으)로 변환하면서 데이터가 손실될 수 있습니다.
d:\kong\vsc_project_(20.08.11~20.09.18)\solution\vsc\vsc_matching\vsc_matching.h(161): warning C4244: '=': 'double'에서 'float'(으)로 변환하면서 데이터가 손실될 수 있습니다.
d:\kong\vsc_project_(20.08.11~20.09.18)\solution\vsc\vsc_matching\vsc_matching.h(166): warning C4244: '인수': 'double'에서 '_Tp'(으)로 변환하면서 데이터가 손실될 수 있습니다.
          with
          [
              _Tp=int
          ]
d:\kong\vsc_project_(20.08.11~20.09.18)\solution\vsc\vsc_matching\vsc_matching.h(167): warning C4244: '인수': '_Ty'에서 '_Tp'(으)로 변환하면서 데이터가 손실될 수 있습니다.
          with
          [
              _Ty=double
          ]
          and
          [
              _Tp=float
          ]
d:\kong\vsc_project_(20.08.11~20.09.18)\solution\vsc\vsc_matching\vsc_matching.h(168): warning C4244: '인수': 'double'에서 '_Tp'(으)로 변환하면서 데이터가 손실될 수 있습니다.
          with
          [
              _Tp=float
          ]
d:\kong\vsc_project_(20.08.11~20.09.18)\solution\vsc\vsc_matching\vsc_matching.h(183): warning C4244: '=': 'double'에서 'float'(으)로 변환하면서 데이터가 손실될 수 있습니다.
d:\kong\vsc_project_(20.08.11~20.09.18)\solution\vsc\vsc_matching\vsc_matching.h(184): warning C4244: '=': 'double'에서 'float'(으)로 변환하면서 데이터가 손실될 수 있습니다.
d:\kong\vsc_project_(20.08.11~20.09.18)\solution\vsc\vsc_matching\vsc_matching.h(189): warning C4244: '인수': 'double'에서 '_Tp'(으)로 변환하면서 데이터가 손실될 수 있습니다.
          with
          [
              _Tp=int
          ]
d:\kong\vsc_project_(20.08.11~20.09.18)\solution\vsc\vsc_matching\vsc_matching.h(190): warning C4244: '인수': '_Ty'에서 '_Tp'(으)로 변환하면서 데이터가 손실될 수 있습니다.
          with
          [
              _Ty=double
          ]
          and
          [
              _Tp=float
          ]
d:\kong\vsc_project_(20.08.11~20.09.18)\solution\vsc\vsc_matching\vsc_matching.h(191): warning C4244: '인수': 'double'에서 '_Tp'(으)로 변환하면서 데이터가 손실될 수 있습니다.
          with
          [
              _Tp=float
          ]
  코드를 생성하고 있습니다.
  35 of 1206 functions ( 2.9%) were compiled, the rest were copied from previous compilation.
    10 functions were new in current compilation
    101 functions had inline decision re-evaluated but remain unchanged
  코드를 생성했습니다.
  VSC_Matching.vcxproj -> D:\Kong\VSC_Project_(20.08.11~20.09.18)\Solution\VSC\x64\Release\VSC_Matching.exe
